App_version1/app/build/outputs/mapping/release/seeds.txt
com.example.uhf.activity.UHFMainActivity
com.example.uhf.fragment.KeyDwonFragment
com.example.uhf.BootBroadcastReceiver
com.example.uhf.fragment.UHFReadTagFragment
com.example.uhf.fragment.SettingFragment
com.example.uhf.fragment.KeyDwonFragment: KeyDwonFragment()
com.example.uhf.fragment.SettingFragment: SettingFragment()
com.example.uhf.activity.BaseTabFragmentActivity: BaseTabFragmentActivity()
com.example.uhf.activity.UHFMainActivity: UHFMainActivity()
com.example.uhf.BootBroadcastReceiver: BootBroadcastReceiver()
com.example.uhf.fragment.UHFReadTagFragment: UHFReadTagFragment()
...
androidx.recyclerview.widget.RecyclerView: int getMaxFlingVelocity()
com.rscja.team.mtk.deviceapi.DeviceAPI: int MorphoSetSecurityLevel(int)
com.rscja.deviceapi.RFIDWithISO14443A: boolean DESFire_ChangeFileSetting(int,int,char[])
com.rscja.deviceapi.RFIDWithUHFA4NetWork: boolean lockMem(java.lang.String,java.lang.String)
com.rscja.deviceapi.RFIDWithISO14443A: com.rscja.deviceapi.entity.SimpleRFIDEntity readAllData(java.lang.String,com.rscja.deviceapi.RFIDWithISO14443A$TagType)
com.rscja.deviceapi.interfaces.IUHFProtocolParse: byte[] getFastIDSendData()
androidx.appcompat.widget.SearchView: int getMaxWidth()
com.rscja.deviceapi.RFIDWithUHFUSB: void setKeyEventCallback(com.rscja.deviceapi.interfaces.KeyEventCallback)
com.rscja.deviceapi.BluetoothReader: void setKeyEventCallback(com.rscja.deviceapi.interfaces.KeyEventCallback)
com.rscja.deviceapi.interfaces.IUHFProtocolParseUrx: boolean parseSetAntData(byte[])
com.rscja.deviceapi.interfaces.IPrinter: boolean verifyFW(int)
com.rscja.deviceapi.RFIDWithUHFA4NetWork: boolean setCW(int)
com.rscja.deviceapi.RFIDWithUHFUART: boolean startLocation(android.content.Context,java.lang.String,int,int,com.rscja.deviceapi.interfaces.IUHFLocationCallback)
com.rscja.deviceapi.interfaces.IFingerprint: java.lang.String[] readSysParaMore()
com.rscja.deviceapi.interfaces.IRFIDWithUHFA8: boolean output3Off()
com.hsm.barcode.Decoder: void getSymbologyConfigDefaults(com.hsm.barcode.SymbologyConfig)
com.rscja.deviceapi.RFIDWithISO14443A: boolean ISO14443A_increment(int,int,int)
com.rscja.deviceapi.interfaces.IRFIDWithISO14443B: java.lang.String sendCommand(java.lang.String)
com.rscja.deviceapi.Printer: void setPrintRightMargin(int)
com.rscja.deviceapi.FingerprintWithFIPS$FingerprintInfo: FingerprintWithFIPS$FingerprintInfo()
com.rscja.deviceapi.Barcode1D: com.rscja.deviceapi.Barcode1D getInstance()
androidx.appcompat.widget.SwitchCompat: int getCompoundPaddingLeft()
com.rscja.team.mtk.deviceapi.DeviceAPI: char[] UHFGetEPCTIDUSERAddrLength()
com.rscja.team.qcom.deviceapi.DeviceAPI: int UHFSetIp(byte[],int,byte[],byte[])
com.rscja.deviceapi.interfaces.IUHFProtocolParse: byte[] parseGetGen2Data(byte[])
androidx.appcompat.widget.AppCompatRadioButton: android.content.res.ColorStateList getSupportButtonTintList()
com.rscja.deviceapi.entity.AnimalEntity: long getReserved()
com.rscja.deviceapi.entity.AnimalEntity: void setIdData(java.lang.String)
com.rscja.deviceapi.FingerprintWithTLK1NC: boolean fingerDELTemplateBufferID(com.rscja.deviceapi.FingerprintWithTLK1NC$BufferEnum)
com.rscja.deviceapi.RFIDWithUHFA4NetWork: int getCW()
com.rscja.team.mtk.deviceapi.DeviceAPI: void UHFCloseAndDisconnect()
com.rscja.deviceapi.entity.b: void a(int)
com.rscja.deviceapi.interfaces.ScanBTCallback: void getDevices(android.bluetooth.BluetoothDevice,int,byte[])
com.rscja.deviceapi.Printer: int sendData(byte[])
com.rscja.deviceapi.RFIDWithUHFUSB: boolean setProtocol(int)
com.rscja.deviceapi.RFIDWithUHFUrxUart: com.rscja.deviceapi.entity.UhfIpConfig getDestIP()
com.rscja.deviceapi.entity.b: java.lang.String a()
com.rscja.deviceapi.interfaces.IUHFProtocolParse: byte[] getInventorySingleTagSendData()
com.rscja.deviceapi.RFIDWithUHFUART: int getEPCAndTIDUserModeEx(int[],int[],int[],int[])
com.rscja.deviceapi.FingerprintWithFIPS: void startEnroll()
androidx.appcompat.widget.ActionBarContextView: void setSubtitle(java.lang.CharSequence)
com.rscja.deviceapi.Fingerprint$BufferEnum: com.rscja.deviceapi.Fingerprint$BufferEnum valueOf(java.lang.String)
com.rscja.deviceapi.interfaces.IInfrared: boolean switchBaudrate(int,int,int,int)
com.rscja.deviceapi.RFIDWithUHFUrxNetwork: boolean setProtocol(int)
com.rscja.deviceapi.interfaces.IUHF: boolean eraseData(java.lang.String,int,int,int,java.lang.String,int,int,int)
com.rscja.deviceapi.RFIDWithUHFUrxUart: boolean killTag(java.lang.String)
com.rscja.deviceapi.RFIDWithUHFUrxNetwork: boolean killTag(java.lang.String)
com.rscja.team.qcom.deviceapi.DeviceAPI: char[] EMGetRandomData()