App_version1/app/build/outputs/mapping/release/mapping.txt
# compiler: R8
# compiler_version: 3.2.74
# min_api: 24
# common_typos_disable
# {"id":"com.android.tools.r8.mapping","version":"2.0"}
# pg_map_id: 1664c63
# pg_map_hash: SHA-256 1664c6376abdc9a3dd75383d6408c1436a7e583dc92742174591176c16a1b317
com.example.uhf.UhfInfo -> n0.a:
    int selectIndex -> d
    int count -> b
    int tagNumber -> c
    java.util.ArrayList tagList -> a
com.example.uhf.activity.BaseTabFragmentActivity -> o0.a:
    com.rscja.deviceapi.RFIDWithUHFUART mReader -> q
    com.example.uhf.fragment.KeyDwonFragment currentFragment -> r
    int TidLen -> s
    java.lang.String getVerName() -> A
    void initUHF() -> B
    void toastMessage(java.lang.String) -> C
    void getUHFVersion() -> z
com.example.uhf.activity.BaseTabFragmentActivity$InitTask -> o0.a$a:
    android.app.ProgressDialog mypDialog -> a
    com.example.uhf.activity.BaseTabFragmentActivity this$0 -> b
    java.lang.Boolean doInBackground(java.lang.String[]) -> a
    void onPostExecute(java.lang.Boolean) -> b
com.example.uhf.activity.UHFMainActivity -> com.example.uhf.activity.UHFMainActivity:
    java.lang.String folder_path -> G
    com.example.uhf.UhfInfo uhfInfo -> w
    java.lang.String file_name -> F
    java.util.ArrayList tagList -> x
    java.lang.String[] header -> E
    float volumnRatio -> B
    java.util.ArrayList data -> D
    android.content.SharedPreferences myPreferences -> y
    java.util.HashMap soundMap -> z
    android.media.SoundPool soundPool -> A
    android.media.AudioManager am -> C
    androidx.fragment.app.FragmentManager fm -> v
    java.lang.String[] perms -> t
    androidx.fragment.app.FragmentTabHost mTabHost -> u
    boolean check_all_files_permission() -> D
    void initSound() -> E
    void initViewPageData() -> F
    void playSound(int) -> G
    void popup_permissions() -> H
    void popup_request() -> I
    void releaseSoundPool() -> J
com.example.uhf.adapter.MyRvAdapter -> p0.a:
    java.lang.String default_path -> g
    java.io.File[] filesAndFolders -> f
    java.io.File files -> e
    java.lang.String[] header_file -> h
    java.util.ArrayList data_file -> i
    com.example.uhf.tools.Data_from_file my_data_from_file -> j
    com.example.uhf.fragment.SettingFragment settingFragment -> k
    android.content.Context context -> d
    int getItemCount() -> d
    void onBindViewHolder(androidx.recyclerview.widget.RecyclerView$ViewHolder,int) -> i
    androidx.recyclerview.widget.RecyclerView$ViewHolder onCreateViewHolder(android.view.ViewGroup,int) -> k
    com.example.uhf.tools.Data_from_file access$000(com.example.uhf.adapter.MyRvAdapter) -> s
    com.example.uhf.tools.Data_from_file access$002(com.example.uhf.adapter.MyRvAdapter,com.example.uhf.tools.Data_from_file) -> t
    java.lang.String access$100(com.example.uhf.adapter.MyRvAdapter,long) -> u
    com.example.uhf.fragment.SettingFragment access$200(com.example.uhf.adapter.MyRvAdapter) -> v
    java.lang.String day_month_year(long) -> w
    void onBindViewHolder(com.example.uhf.adapter.MyRvAdapter$ViewHolder,int) -> x
    com.example.uhf.adapter.MyRvAdapter$ViewHolder onCreateViewHolder(android.view.ViewGroup,int) -> y
com.example.uhf.adapter.MyRvAdapter$1 -> p0.a$a:
    java.io.File val$selectedFile -> b
    com.example.uhf.adapter.MyRvAdapter this$0 -> c
com.example.uhf.adapter.MyRvAdapter$2 -> p0.a$b:
    com.example.uhf.adapter.MyRvAdapter this$0 -> b
com.example.uhf.adapter.MyRvAdapter$ViewHolder -> p0.a$c:
    android.widget.ImageView imageView -> v
    android.widget.TextView textView -> u
    com.example.uhf.adapter.MyRvAdapter this$0 -> w
com.example.uhf.fragment.KeyDwonFragment -> q0.a:
    void myOnKeyDwon() -> y1
...
androidx.recyclerview.widget.RecyclerView$LayoutManager -> androidx.recyclerview.widget.RecyclerView$p:
    androidx.recyclerview.widget.ViewBoundsCheck$Callback mHorizontalBoundCheckCallback -> c
    boolean mPrefetchMaxObservedInInitialPrefetch -> m
    int mWidthMode -> n
    androidx.recyclerview.widget.ViewBoundsCheck$Callback mVerticalBoundCheckCallback -> d
    int mHeightMode -> o
    int mPrefetchMaxCountObserved -> l
    boolean mAutoMeasure -> i
    boolean mMeasurementCacheEnabled -> j
    boolean mItemPrefetchEnabled -> k
    androidx.recyclerview.widget.ViewBoundsCheck mHorizontalBoundCheck -> e
    androidx.recyclerview.widget.ViewBoundsCheck mVerticalBoundCheck -> f
    androidx.recyclerview.widget.ChildHelper mChildHelper -> a
    androidx.recyclerview.widget.RecyclerView mRecyclerView -> b
    boolean mRequestedSimpleAnimations -> g
    boolean mIsAttachedToWindow -> h
    int mWidth -> p
    int mHeight -> q
    android.view.View findContainingItemView(android.view.View) -> A
    void offsetChildrenHorizontal(int) -> A0
    void setRecyclerView(androidx.recyclerview.widget.RecyclerView) -> A1
    android.view.View findViewByPosition(int) -> B
    void offsetChildrenVertical(int) -> B0
    boolean shouldMeasureChild(android.view.View,int,int,androidx.recyclerview.widget.RecyclerView$LayoutParams) -> B1
    androidx.recyclerview.widget.RecyclerView$LayoutParams generateDefaultLayoutParams() -> C
androidx.recyclerview.widget.RecyclerView$LayoutManager$1 -> androidx.recyclerview.widget.RecyclerView$p$a:
    androidx.recyclerview.widget.RecyclerView$LayoutManager this$0 -> a
    android.view.View getChildAt(int) -> a
    int getParentEnd() -> b
    int getParentStart() -> c
    int getChildEnd(android.view.View) -> d
    int getChildStart(android.view.View) -> e
androidx.recyclerview.widget.RecyclerView$LayoutManager$2 -> androidx.recyclerview.widget.RecyclerView$p$b:
    androidx.recyclerview.widget.RecyclerView$LayoutManager this$0 -> a
    android.view.View getChildAt(int) -> a
    int getParentEnd() -> b
    int getParentStart() -> c
    int getChildEnd(android.view.View) -> d
    int getChildStart(android.view.View) -> e
androidx.recyclerview.widget.RecyclerView$LayoutManager$LayoutPrefetchRegistry -> androidx.recyclerview.widget.RecyclerView$p$c:
    void addPosition(int,int) -> a
androidx.recyclerview.widget.RecyclerView$LayoutManager$Properties -> androidx.recyclerview.widget.RecyclerView$p$d:
    int spanCount -> b
    boolean reverseLayout -> c
    int orientation -> a
    boolean stackFromEnd -> d
androidx.recyclerview.widget.RecyclerView$LayoutParams -> androidx.recyclerview.widget.RecyclerView$q:
    androidx.recyclerview.widget.RecyclerView$ViewHolder mViewHolder -> a
    boolean mInsetsDirty -> c
    android.graphics.Rect mDecorInsets -> b
    boolean mPendingInvalidate -> d
    int getViewLayoutPosition() -> a
    boolean isItemChanged() -> b
    boolean isItemRemoved() -> c
    boolean isViewInvalid() -> d
androidx.recyclerview.widget.RecyclerView$OnChildAttachStateChangeListener -> androidx.recyclerview.widget.RecyclerView$r:
    void onChildViewAttachedToWindow(android.view.View) -> a
    void onChildViewDetachedFromWindow(android.view.View) -> b
androidx.recyclerview.widget.RecyclerView$OnFlingListener -> androidx.recyclerview.widget.RecyclerView$s:
androidx.recyclerview.widget.RecyclerView$OnItemTouchListener -> androidx.recyclerview.widget.RecyclerView$t:
    boolean onInterceptTouchEvent(androidx.recyclerview.widget.RecyclerView,android.view.MotionEvent) -> a
    void onTouchEvent(androidx.recyclerview.widget.RecyclerView,android.view.MotionEvent) -> b
    void onRequestDisallowInterceptTouchEvent(boolean) -> c
androidx.recyclerview.widget.RecyclerView$OnScrollListener -> androidx.recyclerview.widget.RecyclerView$u:
    void onScrollStateChanged(androidx.recyclerview.widget.RecyclerView,int) -> a
    void onScrolled(androidx.recyclerview.widget.RecyclerView,int,int) -> b