App_version1/app/build/outputs/mapping/release/usage.txt
com.example.uhf.BuildConfig
com.example.uhf.ErrorCodeManage
com.example.uhf.R$anim
com.example.uhf.R$animator
com.example.uhf.R$array
com.example.uhf.R$attr
com.example.uhf.R$bool
com.example.uhf.R$color
com.example.uhf.R$dimen
com.example.uhf.R$drawable
com.example.uhf.R$id
com.example.uhf.R$integer
com.example.uhf.R$interpolator
com.example.uhf.R$layout
com.example.uhf.R$menu
com.example.uhf.R$raw
com.example.uhf.R$string
com.example.uhf.R$style
com.example.uhf.R$styleable
com.example.uhf.R$xml
com.example.uhf.R
com.example.uhf.UhfInfo:
    private java.lang.String selectItem
    private java.util.List tempDatas
    private long time
    public int getCount()
    public int getSelectIndex()
    public java.lang.String getSelectItem()
    public java.util.ArrayList getTagList()
    public int getTagNumber()
    public java.util.List getTempDatas()
    public long getTime()
    public void setCount(int)
    public void setSelectIndex(int)
    public void setSelectItem(java.lang.String)
    public void setTagList(java.util.ArrayList)
    public void setTagNumber(int)
    public void setTempDatas(java.util.List)
    public void setTime(long)
com.example.uhf.activity.BaseTabFragmentActivity:
    public boolean vailHexInput(java.lang.String)
com.example.uhf.activity.UHFMainActivity:
    private static final java.lang.String TAG
    public void popup_all_files_permission()
com.example.uhf.adapter.ListView_model
com.example.uhf.adapter.MyRvAdapter:
    java.lang.String file_path
    public java.lang.String getFile_path()
    private int get_pos_string(java.lang.String[],java.lang.String)
com.example.uhf.adapter.ViewPagerAdapter
com.example.uhf.fragment.SettingFragment:
    private static final java.lang.String TAG
    public android.widget.Button btn_clear
    public java.lang.String[] data_header
com.example.uhf.fragment.UHFReadTagFragment:
    private static final java.lang.String TAG
    static final java.lang.String codigo_empresa
    public void checkout_taglist()
com.example.uhf.tools.NumberTool:
    public void <init>()
    public static double getPointDouble(int,int)
    public static double getPointDouble(int,long)
    public static double getPointDouble(int,java.lang.String)
com.example.uhf.tools.StringUtils:
    public void <init>()
    public static char[] HexStringToChars(java.lang.String)
    public static java.lang.String getTimeFormat(long)
    public static java.lang.String getTimeString()
    public static java.lang.Boolean isDomain(java.lang.String)
    public static boolean isHexNumber(java.lang.String)
    public static java.lang.Boolean isIP(java.lang.String)
    public static java.lang.Boolean isInt(java.lang.String)
    public static boolean isNotEmpty(java.lang.CharSequence)
    public static java.lang.String replaceUrlWithPlus(java.lang.String)
    public static boolean toBool(java.lang.String)
    public static double toDouble(java.lang.String)
    public static int toInt(java.lang.Object)
    public static int toInt(java.lang.String,int)
    public static long toLong(java.lang.String)
    public static java.lang.String trim(java.lang.String)
com.example.uhf.tools.UIHelper$1
com.example.uhf.tools.UIHelper:
    public void <init>()
    public static void ToastMessage(android.content.Context,java.lang.String)
    public static void ToastMessage(android.content.Context,java.lang.String,int)
    public static void alert(android.app.Activity,int,int,int)
com.example.uhf.widget.LazyViewPager$1
com.example.uhf.widget.LazyViewPager$2
com.example.uhf.widget.LazyViewPager$ItemInfo
com.example.uhf.widget.LazyViewPager$OnPageChangeListener
com.example.uhf.widget.LazyViewPager$PagerObserver
com.example.uhf.widget.LazyViewPager$SavedState$1
com.example.uhf.widget.LazyViewPager$SavedState
com.example.uhf.widget.LazyViewPager$SimpleOnPageChangeListener
com.example.uhf.widget.LazyViewPager
com.example.uhf.widget.NoScrollViewPager
...
androidx.loader.app.LoaderManagerImpl:
    static final java.lang.String TAG
    private androidx.loader.content.Loader createAndInstallLoader(int,android.os.Bundle,androidx.loader.app.LoaderManager$LoaderCallbacks,androidx.loader.content.Loader)
    public void destroyLoader(int)
    public androidx.loader.content.Loader getLoader(int)
    public boolean hasRunningLoaders()
    public androidx.loader.content.Loader initLoader(int,android.os.Bundle,androidx.loader.app.LoaderManager$LoaderCallbacks)
    public androidx.loader.content.Loader restartLoader(int,android.os.Bundle,androidx.loader.app.LoaderManager$LoaderCallbacks)
androidx.loader.content.AsyncTaskLoader$LoadTask
androidx.loader.content.AsyncTaskLoader
androidx.loader.content.CursorLoader
androidx.loader.content.Loader$ForceLoadContentObserver
androidx.loader.content.Loader$OnLoadCanceledListener
androidx.loader.content.Loader$OnLoadCompleteListener:
    public abstract void onLoadComplete(androidx.loader.content.Loader,java.lang.Object)
androidx.loader.content.Loader:
    boolean mAbandoned
    boolean mContentChanged
    android.content.Context mContext
    int mId
    androidx.loader.content.Loader$OnLoadCompleteListener mListener
    androidx.loader.content.Loader$OnLoadCanceledListener mOnLoadCanceledListener
    boolean mProcessingChange
    boolean mReset
    boolean mStarted
    public void <init>(android.content.Context)
    public void commitContentChanged()
    public void deliverCancellation()
    public void deliverResult(java.lang.Object)
    public void forceLoad()
    public android.content.Context getContext()
    public int getId()
    public boolean isAbandoned()
    public boolean isReset()
    public boolean isStarted()
    protected void onAbandon()
    protected boolean onCancelLoad()
    public void onContentChanged()
    protected void onForceLoad()
    protected void onReset()
    protected void onStartLoading()
    protected void onStopLoading()
    public void registerListener(int,androidx.loader.content.Loader$OnLoadCompleteListener)
    public void registerOnLoadCanceledListener(androidx.loader.content.Loader$OnLoadCanceledListener)
    public void rollbackContentChanged()
    public boolean takeContentChanged()
    public java.lang.String toString()
    public void unregisterOnLoadCanceledListener(androidx.loader.content.Loader$OnLoadCanceledListener)
androidx.loader.content.ModernAsyncTask$1
androidx.loader.content.ModernAsyncTask$2
androidx.loader.content.ModernAsyncTask$3
androidx.loader.content.ModernAsyncTask$4
androidx.loader.content.ModernAsyncTask$AsyncTaskResult
androidx.loader.content.ModernAsyncTask$InternalHandler
androidx.loader.content.ModernAsyncTask$Status
androidx.loader.content.ModernAsyncTask$WorkerRunnable
androidx.loader.content.ModernAsyncTask
androidx.preference.AndroidResources
androidx.preference.CheckBoxPreference:
    public void <init>(android.content.Context)
    public void onBindViewHolder(androidx.preference.PreferenceViewHolder)
androidx.preference.DialogPreference$TargetFragment